INFO: [VRFC 10-2263] Analyzing Verilog file "C:/Users/flap9/MyData/Workspaces/hw-syn-lab/pure_nanolada/pure_nanolada.srcs/sources_1/imports/lib/nanolada_lib/adder.v" into library xil_defaultlib
INFO: [VRFC 10-311] analyzing module adder
INFO: [VRFC 10-2263] Analyzing Verilog file "C:/Users/flap9/MyData/Workspaces/hw-syn-lab/pure_nanolada/pure_nanolada.srcs/sources_1/imports/lib/nanolada_lib/alu.v" into library xil_defaultlib
INFO: [VRFC 10-311] analyzing module alu
INFO: [VRFC 10-2263] Analyzing Verilog file "C:/Users/flap9/MyData/Workspaces/hw-syn-lab/pure_nanolada/pure_nanolada.srcs/sources_1/imports/lib/nanolada_lib/control.v" into library xil_defaultlib
INFO: [VRFC 10-311] analyzing module control
INFO: [VRFC 10-2263] Analyzing Verilog file "C:/Users/flap9/MyData/Workspaces/hw-syn-lab/pure_nanolada/pure_nanolada.srcs/sources_1/imports/lib/nanolada_lib/extender.v" into library xil_defaultlib
INFO: [VRFC 10-311] analyzing module extender
INFO: [VRFC 10-2263] Analyzing Verilog file "C:/Users/flap9/MyData/Workspaces/hw-syn-lab/pure_nanolada/pure_nanolada.srcs/sources_1/imports/lib/nanolada_lib/memory.v" into library xil_defaultlib
INFO: [VRFC 10-311] analyzing module memory
INFO: [VRFC 10-2263] Analyzing Verilog file "C:/Users/flap9/MyData/Workspaces/hw-syn-lab/pure_nanolada/pure_nanolada.srcs/sources_1/imports/lib/nanolada_lib/mux2_1.v" into library xil_defaultlib
INFO: [VRFC 10-311] analyzing module mux2_1
INFO: [VRFC 10-2263] Analyzing Verilog file "C:/Users/flap9/MyData/Workspaces/hw-syn-lab/pure_nanolada/pure_nanolada.srcs/sources_1/imports/lib/nanolada_lib/nanocpu.v" into library xil_defaultlib
INFO: [VRFC 10-311] analyzing module nanocpu
INFO: [VRFC 10-2263] Analyzing Verilog file "C:/Users/flap9/MyData/Workspaces/hw-syn-lab/pure_nanolada/pure_nanolada.srcs/sources_1/imports/lib/nanolada_lib/regfile.v" into library xil_defaultlib
INFO: [VRFC 10-311] analyzing module regfile
INFO: [VRFC 10-2263] Analyzing Verilog file "C:/Users/flap9/MyData/Workspaces/hw-syn-lab/pure_nanolada/pure_nanolada.srcs/sources_1/imports/lib/nanolada_lib/rom.v" into library xil_defaultlib
INFO: [VRFC 10-311] analyzing module rom
INFO: [VRFC 10-2263] Analyzing Verilog file "C:/Users/flap9/MyData/Workspaces/hw-syn-lab/pure_nanolada/pure_nanolada.srcs/sources_1/imports/lib/nanolada_lib/nano_sc_system.v" into library xil_defaultlib
INFO: [VRFC 10-311] analyzing module nano_sc_system
INFO: [VRFC 10-2263] Analyzing Verilog file "C:/Users/flap9/MyData/Workspaces/hw-syn-lab/pure_nanolada/pure_nanolada.sim/sim_1/behav/xsim/glbl.v" into library xil_defaultlib
INFO: [VRFC 10-311] analyzing module glbl
