#-----------------------------------------------------------
# Vivado v2018.3 (64-bit)
# SW Build 2405991 on Thu Dec  6 23:38:27 MST 2018
# IP Build 2404404 on Fri Dec  7 01:43:56 MST 2018
# Start of session at: Sun Jun  7 23:02:21 2020
# Process ID: 77176
# Current directory: C:/Users/flap9/MyData/Workspaces/hw-syn-lab/lab_5
# Command line: vivado.exe -gui_launcher_event rodinguilauncherevent212852 C:\Users\flap9\MyData\Workspaces\hw-syn-lab\lab_5\lab_5.xpr
# Log file: C:/Users/flap9/MyData/Workspaces/hw-syn-lab/lab_5/vivado.log
# Journal file: C:/Users/flap9/MyData/Workspaces/hw-syn-lab/lab_5\vivado.jou
#-----------------------------------------------------------
start_gui
open_project C:/Users/flap9/MyData/Workspaces/hw-syn-lab/lab_5/lab_5.xpr
Scanning sources...
Finished scanning sources
INFO: [IP_Flow 19-234] Refreshing IP repositories
INFO: [IP_Flow 19-1704] No user IP repositories specified
INFO: [IP_Flow 19-2313] Loaded Vivado IP repository 'C:/Xilinx/Vivado/2018.3/data/ip'.
open_project: Time (s): cpu = 00:00:35 ; elapsed = 00:00:21 . Memory (MB): peak = 775.277 ; gain = 161.895
update_compile_order -fileset sources_1
exit
INFO: [Common 17-206] Exiting Vivado at Mon Jun  8 02:59:11 2020...
