#-----------------------------------------------------------
# Vivado v2018.3 (64-bit)
# SW Build 2405991 on Thu Dec  6 23:38:27 MST 2018
# IP Build 2404404 on Fri Dec  7 01:43:56 MST 2018
# Start of session at: Mon Mar  9 01:15:35 2020
# Process ID: 27928
# Current directory: C:/Users/flap9/MyData/Workspaces/vivado_workspace/lab_2
# Command line: vivado.exe -gui_launcher_event rodinguilauncherevent31452 C:\Users\flap9\MyData\Workspaces\vivado_workspace\lab_2\lab_2.xpr
# Log file: C:/Users/flap9/MyData/Workspaces/vivado_workspace/lab_2/vivado.log
# Journal file: C:/Users/flap9/MyData/Workspaces/vivado_workspace/lab_2\vivado.jou
#-----------------------------------------------------------
start_gui
open_project C:/Users/flap9/MyData/Workspaces/vivado_workspace/lab_2/lab_2.xpr
Scanning sources...
Finished scanning sources
INFO: [IP_Flow 19-234] Refreshing IP repositories
INFO: [IP_Flow 19-1704] No user IP repositories specified
INFO: [IP_Flow 19-2313] Loaded Vivado IP repository 'C:/Xilinx/Vivado/2018.3/data/ip'.
open_project: Time (s): cpu = 00:00:26 ; elapsed = 00:00:14 . Memory (MB): peak = 770.172 ; gain = 149.160
update_compile_order -fileset sources_1
exit
INFO: [Common 17-206] Exiting Vivado at Mon Mar  9 01:34:43 2020...
