Vivado Simulator 2018.3
Copyright 1986-1999, 2001-2018 Xilinx, Inc. All Rights Reserved.
Running: C:/Xilinx/Vivado/2018.3/bin/unwrapped/win64.o/xelab.exe -wto 4593de0449f640fb8fdc43724eb9f30a --incr --debug typical --relax --mt 2 -L xil_defaultlib -L unisims_ver -L unimacro_ver -L secureip --snapshot test_System_behav xil_defaultlib.test_System xil_defaultlib.glbl -log elaborate.log 
Using 2 slave threads.
Starting static elaboration
Completed static elaboration
Starting simulation data flow analysis
Completed simulation data flow analysis
Time Resolution for simulation is 1ps
Compiling module xil_defaultlib.ClockDiv
Compiling module xil_defaultlib.ClockDivArray_default
Compiling module xil_defaultlib.DFF
Compiling module xil_defaultlib.RSinglePulser
Compiling module xil_defaultlib.BCDCounter
Compiling module xil_defaultlib.SegDecoder
Compiling module xil_defaultlib.QuadSevenSeg
Compiling module xil_defaultlib.System_default
Compiling module xil_defaultlib.test_System
Compiling module xil_defaultlib.glbl
Built simulation snapshot test_System_behav
