Vivado Simulator 2018.3
Copyright 1986-1999, 2001-2018 Xilinx, Inc. All Rights Reserved.
Running: C:/Xilinx/Vivado/2018.3/bin/unwrapped/win64.o/xelab.exe -wto 4c11fe4c5af74cd593c88bbfb4931145 --incr --debug typical --relax --mt 2 -L xil_defaultlib -L unisims_ver -L unimacro_ver -L secureip --snapshot basys3_nanolada_system_behav xil_defaultlib.basys3_nanolada_system xil_defaultlib.glbl -log elaborate.log 
Using 2 slave threads.
Starting static elaboration
Completed static elaboration
Starting simulation data flow analysis
Completed simulation data flow analysis
Time Resolution for simulation is 1ps
Compiling module xil_defaultlib.SegDecoder
Compiling module xil_defaultlib.QuadSevenSeg
Compiling module xil_defaultlib.adder(WIDTH=30)
Compiling module xil_defaultlib.mux2_1(WIDTH=30)
Compiling module xil_defaultlib.extender
Compiling module xil_defaultlib.mux2_1(WIDTH=5)
Compiling module xil_defaultlib.regfile
Compiling module xil_defaultlib.mux2_1
Compiling module xil_defaultlib.alu
Compiling module xil_defaultlib.control
Compiling module xil_defaultlib.nanocpu
Compiling module xil_defaultlib.rom
Compiling module xil_defaultlib.memio
Compiling module xil_defaultlib.basys3_nanolada_system
Compiling module xil_defaultlib.glbl
Built simulation snapshot basys3_nanolada_system_behav
